#
# A fatal error has been detected by the Java Runtime Environment:
#
#  SIGSEGV (0xb) at pc=0x0000000108d4d914, pid=30608, tid=13575
#
# JRE version: Java(TM) SE Runtime Environment (8.0_60-b27) (build 1.8.0_60-b27)
# Java VM: Java HotSpot(TM) 64-Bit Server VM (25.60-b23 mixed mode bsd-amd64 compressed oops)
# Problematic frame:
# V  [libjvm.dylib+0x446914]
#
# Failed to write core dump. Core dumps have been disabled. To enable core dumping, try "ulimit -c unlimited" before starting Java again
#
# If you would like to submit a bug report, please visit:
#   http://bugreport.java.com/bugreport/crash.jsp
#

---------------  T H R E A D  ---------------

Current thread (0x00007fd7b782c000):  JavaThread "JDWP Transport Listener: dt_socket" daemon [_thread_in_vm, id=13575, stack(0x0000700001acb000,0x0000700001bcb000)]

siginfo: si_signo: 11 (SIGSEGV), si_code: 0 (unknown), si_addr: 0x0000000000000000

Registers:
RAX=0x0000000000000001, RBX=0x0000700001bcab4b, RCX=0x000000010911c310, RDX=0x0000700001bcab4b
RSP=0x0000700001bcaa90, RBP=0x0000700001bcaaa0, RSI=0x00007fd7b782c000, RDI=0x9000000000000000
R8 =0x000007fd7b9ac2a3, R9 =0x0000000000000000, R10=0x00007fd7b9a00000, R11=0x00007fd7b9ac34d0
R12=0x00007fd7b782c000, R13=0x9000000000000000, R14=0x9000000000000000, R15=0x00007fd7b7609d10
RIP=0x0000000108d4d914, EFLAGS=0x0000000000010286, ERR=0x0000000000000000
  TRAPNO=0x000000000000000d

Top of Stack: (sp=0x0000700001bcaa90)
0x0000700001bcaa90:   0000700001bcab4b 0000700001bcab4b
0x0000700001bcaaa0:   0000700001bcab00 0000000108c5ca0e
0x0000700001bcaab0:   00007fd7b782c000 0000000000000000
0x0000700001bcaac0:   0000000000000000 0000000000000000
0x0000700001bcaad0:   00007fd7b782c000 00007fd7b782c000
0x0000700001bcaae0:   0000700001bcab4b 0000700001bcab50
0x0000700001bcaaf0:   9000000000000000 0000000000000001
0x0000700001bcab00:   0000700001bcab20 0000000107773780
0x0000700001bcab10:   0000000000000001 0000700001bcabc8
0x0000700001bcab20:   0000700001bcab90 00000001077581f3
0x0000700001bcab30:   0000700001bcab60 00007fd7b9ac2f10
0x0000700001bcab40:   0000000300000032 0000000100bcabc8
0x0000700001bcab50:   0000000000000000 0000000000000000
0x0000700001bcab60:   0000000000000000 0000700001bcad50
0x0000700001bcab70:   000000010777ae7a 00007fd7b9ac2f50
0x0000700001bcab80:   0000700001bcabc8 0000000107786598
0x0000700001bcab90:   0000700001bcaba0 00000001077582ec
0x0000700001bcaba0:   0000700001bcadc0 0000000107761898
0x0000700001bcabb0:   0000171600000013 00000000000f0200
0x0000700001bcabc0:   00007fd7b9ac2f70 0000700001bcac3d
0x0000700001bcabd0:   0000000000000107 0000700001bcabe0
0x0000700001bcabe0:   0000000000000025 0000700001bcac18
0x0000700001bcabf0:   0000000000000000 0000000000000000
0x0000700001bcac00:   00001716000000f9 00007fd70000d580
0x0000700001bcac10:   0000700001bcac18 d77f000003000000
0x0000700001bcac20:   06000000e0fed7b9 00003e74696e693c
0x0000700001bcac30:   0000005629280300 0017020100000000
0x0000700001bcac40:   0000000001070000 0700000018020000
0x0000700001bcac50:   0200000000000001 0000010700000019
0x0000700001bcac60:   0000ab0100000000 0000000000010700
0x0000700001bcac70:   0107000000850100 8601000000000000
0x0000700001bcac80:   0000000107000000 0000008701000000 

Instructions: (pc=0x0000000108d4d914)
0x0000000108d4d8f4:   40 48 48 85 c0 75 e0 30 c0 0f b6 c0 5d c3 31 c0
0x0000000108d4d904:   5d c3 55 48 89 e5 53 48 83 ec 08 48 85 ff 74 24
0x0000000108d4d914:   48 8b 1f 48 85 db 74 1c 48 83 fb 37 74 16 48 8b
0x0000000108d4d924:   03 48 89 df ff 50 10 84 c0 b8 00 00 00 00 48 0f 

Register to memory mapping:

RAX=0x0000000000000001 is an unknown value
RBX=0x0000700001bcab4b is pointing into the stack for thread: 0x00007fd7b782c000
RCX=0x000000010911c310: UseMembar+0 in /Library/Java/JavaVirtualMachines/jdk1.8.0_60.jdk/Contents/Home/jre/lib/server/libjvm.dylib at 0x0000000108907000
RDX=0x0000700001bcab4b is pointing into the stack for thread: 0x00007fd7b782c000
RSP=0x0000700001bcaa90 is pointing into the stack for thread: 0x00007fd7b782c000
RBP=0x0000700001bcaaa0 is pointing into the stack for thread: 0x00007fd7b782c000
RSI=0x00007fd7b782c000 is a thread
RDI=0x9000000000000000 is an unknown value
R8 =0x000007fd7b9ac2a3 is an unknown value
R9 =0x0000000000000000 is an unknown value
R10=0x00007fd7b9a00000 is an unknown value
R11=0x00007fd7b9ac34d0 is an unknown value
R12=0x00007fd7b782c000 is a thread
R13=0x9000000000000000 is an unknown value
R14=0x9000000000000000 is an unknown value
R15=0x00007fd7b7609d10 is an unknown value


Stack: [0x0000700001acb000,0x0000700001bcb000],  sp=0x0000700001bcaa90,  free space=1022k
Native frames: (J=compiled Java code, j=interpreted, Vv=VM code, C=native code)
V  [libjvm.dylib+0x446914]
V  [libjvm.dylib+0x355a0e]
C  [libjdwp.dylib+0x20780]  isMethodSynthetic+0x63
C  [libjdwp.dylib+0x51f3]  methods1+0x10b
C  [libjdwp.dylib+0x52ec]  methodsWithGeneric+0xe
C  [libjdwp.dylib+0xe898]  debugLoop_run+0x1ce
C  [libjdwp.dylib+0x1f6ba]  attachThread+0x4d
V  [libjvm.dylib+0x396d6c]
V  [libjvm.dylib+0x5612d3]
V  [libjvm.dylib+0x5629ce]
V  [libjvm.dylib+0x48343a]
C  [libsystem_pthread.dylib+0x5e65]  _pthread_start+0x94
C  [libsystem_pthread.dylib+0x183b]  thread_start+0xf
C  0x0000000000000000


---------------  P R O C E S S  ---------------

Java Threads: ( => current thread )
  0x00007fd7b78a0800 JavaThread "http-nio-8080-Acceptor" daemon [_thread_in_native, id=24395, stack(0x000070000413d000,0x000070000423d000)]
  0x00007fd7b789f800 JavaThread "http-nio-8080-ClientPoller" daemon [_thread_in_native, id=28231, stack(0x000070000403a000,0x000070000413a000)]
  0x00007fd7b88c8800 JavaThread "http-nio-8080-exec-10" daemon [_thread_blocked, id=38471, stack(0x0000700003f37000,0x0000700004037000)]
  0x00007fd7b918e000 JavaThread "http-nio-8080-exec-9" daemon [_thread_blocked, id=27207, stack(0x0000700003e34000,0x0000700003f34000)]
  0x00007fd7b918b000 JavaThread "http-nio-8080-exec-8" daemon [_thread_blocked, id=27719, stack(0x0000700003d31000,0x0000700003e31000)]
  0x00007fd7b7d8f000 JavaThread "http-nio-8080-exec-7" daemon [_thread_blocked, id=26951, stack(0x0000700003c2e000,0x0000700003d2e000)]
  0x00007fd7b8978000 JavaThread "http-nio-8080-exec-6" daemon [_thread_blocked, id=37899, stack(0x0000700003b2b000,0x0000700003c2b000)]
  0x00007fd7b8658000 JavaThread "http-nio-8080-exec-5" daemon [_thread_blocked, id=40007, stack(0x0000700003a28000,0x0000700003b28000)]
  0x00007fd7b88cc800 JavaThread "http-nio-8080-exec-4" daemon [_thread_blocked, id=38983, stack(0x0000700003925000,0x0000700003a25000)]
  0x00007fd7b82d3000 JavaThread "http-nio-8080-exec-3" daemon [_thread_blocked, id=25671, stack(0x0000700003822000,0x0000700003922000)]
  0x00007fd7b82d2800 JavaThread "http-nio-8080-exec-2" daemon [_thread_blocked, id=37131, stack(0x000070000371f000,0x000070000381f000)]
  0x00007fd7b7873000 JavaThread "http-nio-8080-exec-1" daemon [_thread_blocked, id=36935, stack(0x000070000361c000,0x000070000371c000)]
  0x00007fd7b8649000 JavaThread "http-nio-8080-BlockPoller" daemon [_thread_in_native, id=26695, stack(0x0000700003519000,0x0000700003619000)]
  0x00007fd7b789f000 JavaThread "File Watcher" daemon [_thread_blocked, id=26183, stack(0x0000700003416000,0x0000700003516000)]
  0x00007fd7b918a800 JavaThread "container-0" [_thread_blocked, id=33867, stack(0x0000700003210000,0x0000700003310000)]
  0x00007fd7b88cf000 JavaThread "Catalina-utility-2" [_thread_blocked, id=28691, stack(0x000070000310d000,0x000070000320d000)]
  0x00007fd7b9331000 JavaThread "Catalina-utility-1" [_thread_blocked, id=35919, stack(0x000070000300a000,0x000070000310a000)]
  0x00007fd7b7c9f000 JavaThread "RMI TCP Connection(idle)" daemon [_thread_blocked, id=40215, stack(0x00007000027f2000,0x00007000028f2000)]
  0x00007fd7b82fd000 JavaThread "RMI TCP Connection(idle)" daemon [_thread_blocked, id=42303, stack(0x00007000028f5000,0x00007000029f5000)]
  0x00007fd7b8599800 JavaThread "DestroyJavaVM" [_thread_blocked, id=3843, stack(0x00007000010aa000,0x00007000011aa000)]
  0x00007fd7b92b3000 JavaThread "Live Reload Server" daemon [_thread_in_native, id=39687, stack(0x0000700003313000,0x0000700003413000)]
  0x00007fd7b843a800 JavaThread "JMX server connection timeout 27" daemon [_thread_blocked, id=40963, stack(0x0000700002e04000,0x0000700002f04000)]
  0x00007fd7b8933800 JavaThread "Attach Listener" daemon [_thread_blocked, id=23307, stack(0x0000700002bfe000,0x0000700002cfe000)]
  0x00007fd7b79ca000 JavaThread "JMX server connection timeout 22" daemon [_thread_blocked, id=41475, stack(0x0000700002afb000,0x0000700002bfb000)]
  0x00007fd7b91d5000 JavaThread "RMI Scheduler(0)" daemon [_thread_blocked, id=42755, stack(0x00007000026ef000,0x00007000027ef000)]
  0x00007fd7b82c8800 JavaThread "RMI TCP Accept-0" daemon [_thread_in_native, id=15875, stack(0x00007000023e6000,0x00007000024e6000)]
  0x00007fd7b82a1800 JavaThread "RMI TCP Accept-63527" daemon [_thread_in_native, id=16643, stack(0x00007000022e3000,0x00007000023e3000)]
  0x00007fd7b82a3800 JavaThread "RMI TCP Accept-0" daemon [_thread_in_native, id=15619, stack(0x00007000021e0000,0x00007000022e0000)]
  0x00007fd7b9028800 JavaThread "Service Thread" daemon [_thread_blocked, id=15107, stack(0x00007000020dd000,0x00007000021dd000)]
  0x00007fd7b9026000 JavaThread "C1 CompilerThread2" daemon [_thread_blocked, id=14595, stack(0x0000700001fda000,0x00007000020da000)]
  0x00007fd7b9025000 JavaThread "C2 CompilerThread1" daemon [_thread_blocked, id=14339, stack(0x0000700001ed7000,0x0000700001fd7000)]
  0x00007fd7b8024000 JavaThread "C2 CompilerThread0" daemon [_thread_blocked, id=17667, stack(0x0000700001dd4000,0x0000700001ed4000)]
  0x00007fd7b8826800 JavaThread "JDWP Command Reader" daemon [_thread_in_native, id=17923, stack(0x0000700001cd1000,0x0000700001dd1000)]
  0x00007fd7b8826000 JavaThread "JDWP Event Helper Thread" daemon [_thread_blocked, id=18179, stack(0x0000700001bce000,0x0000700001cce000)]
=>0x00007fd7b782c000 JavaThread "JDWP Transport Listener: dt_socket" daemon [_thread_in_vm, id=13575, stack(0x0000700001acb000,0x0000700001bcb000)]
  0x00007fd7b8015800 JavaThread "Signal Dispatcher" daemon [_thread_blocked, id=13059, stack(0x00007000019c8000,0x0000700001ac8000)]
  0x00007fd7b900b000 JavaThread "Finalizer" daemon [_thread_blocked, id=11523, stack(0x00007000017bf000,0x00007000018bf000)]
  0x00007fd7b8013000 JavaThread "Reference Handler" daemon [_thread_blocked, id=20995, stack(0x00007000016bc000,0x00007000017bc000)]

Other Threads:
  0x00007fd7b8820800 VMThread [stack: 0x00007000015b9000,0x00007000016b9000] [id=11011]
  0x00007fd7b82c9000 WatcherThread [stack: 0x00007000024e9000,0x00007000025e9000] [id=21763]

VM state:not at safepoint (normal execution)

VM Mutex/Monitor currently owned by a thread: None

Heap:
 PSYoungGen      total 139776K, used 55587K [0x0000000795580000, 0x00000007a0f00000, 0x00000007c0000000)
  eden space 131584K, 39% used [0x0000000795580000,0x00000007987f15f0,0x000000079d600000)
  from space 8192K, 48% used [0x000000079d600000,0x000000079d9d77d0,0x000000079de00000)
  to   space 8192K, 0% used [0x00000007a0700000,0x00000007a0700000,0x00000007a0f00000)
 ParOldGen       total 60416K, used 13176K [0x0000000740000000, 0x0000000743b00000, 0x0000000795580000)
  object space 60416K, 21% used [0x0000000740000000,0x0000000740cde248,0x0000000743b00000)
 Metaspace       used 36208K, capacity 40812K, committed 41088K, reserved 1085440K
  class space    used 4881K, capacity 5943K, committed 6016K, reserved 1048576K

Card table byte_map: [0x00000001083c0000,0x00000001087c1000] byte_map_base: 0x00000001049c0000

Marking Bits: (ParMarkBitMap*) 0x00000001091e5e20
 Begin Bits: [0x0000000118b3b000, 0x000000011ab3b000)
 End Bits:   [0x000000011ab3b000, 0x000000011cb3b000)

Polling page: 0x0000000107752000

CodeCache: size=245760Kb used=13370Kb max_used=13370Kb free=232389Kb
 bounds [0x0000000109890000, 0x000000010a5b0000, 0x0000000118890000]
 total_blobs=7109 nmethods=6680 adapters=349
 compilation: enabled

Compilation events (10 events):
Event: 1921.112 Thread 0x00007fd7b9026000 6765       1       java.net.AbstractPlainSocketImpl::setOption (445 bytes)
Event: 1921.114 Thread 0x00007fd7b9026000 nmethod 6765 0x000000010a59b7d0 code [0x000000010a59bb20, 0x000000010a59cf78]
Event: 1921.114 Thread 0x00007fd7b9026000 6766   !   1       java.net.PlainSocketImpl::socketSetOption (33 bytes)
Event: 1921.115 Thread 0x00007fd7b9026000 nmethod 6766 0x000000010a59dc10 code [0x000000010a59dd80, 0x000000010a59df98]
Event: 1933.832 Thread 0x00007fd7b9026000 6770       1       org.springframework.util.StringUtils::uriDecode (240 bytes)
Event: 1933.835 Thread 0x00007fd7b9026000 nmethod 6770 0x000000010a59e410 code [0x000000010a59e780, 0x000000010a59fd88]
Event: 1933.836 Thread 0x00007fd7b9026000 6768       1       org.apache.catalina.connector.ResponseFacade::isCommitted (31 bytes)
Event: 1933.836 Thread 0x00007fd7b9026000 nmethod 6768 0x000000010a5a15d0 code [0x000000010a5a1760, 0x000000010a5a1988]
Event: 1933.837 Thread 0x00007fd7b9026000 6769       1       org.apache.catalina.connector.Response::isAppCommitted (47 bytes)
Event: 1933.838 Thread 0x00007fd7b9026000 nmethod 6769 0x000000010a5a1ad0 code [0x000000010a5a1c40, 0x000000010a5a1e50]

GC Heap History (10 events):
Event: 1419.412 GC heap before
{Heap before GC invocations=39 (full 16):
 PSYoungGen      total 140800K, used 71287K [0x0000000795580000, 0x000000079e800000, 0x00000007c0000000)
  eden space 131584K, 54% used [0x0000000795580000,0x0000000799b1df90,0x000000079d600000)
  from space 9216K, 0% used [0x000000079df00000,0x000000079df00000,0x000000079e800000)
  to   space 9216K, 0% used [0x000000079d600000,0x000000079d600000,0x000000079df00000)
 ParOldGen       total 60416K, used 12614K [0x0000000740000000, 0x0000000743b00000, 0x0000000795580000)
  object space 60416K, 20% used [0x0000000740000000,0x0000000740c51898,0x0000000743b00000)
 Metaspace       used 35897K, capacity 40192K, committed 40448K, reserved 1083392K
  class space    used 4827K, capacity 5828K, committed 5888K, reserved 1048576K
Event: 1419.419 GC heap after
Heap after GC invocations=39 (full 16):
 PSYoungGen      total 134656K, used 2900K [0x0000000795580000, 0x000000079e700000, 0x00000007c0000000)
  eden space 131584K, 0% used [0x0000000795580000,0x0000000795580000,0x000000079d600000)
  from space 3072K, 94% used [0x000000079d600000,0x000000079d8d5120,0x000000079d900000)
  to   space 8704K, 0% used [0x000000079de80000,0x000000079de80000,0x000000079e700000)
 ParOldGen       total 60416K, used 12622K [0x0000000740000000, 0x0000000743b00000, 0x0000000795580000)
  object space 60416K, 20% used [0x0000000740000000,0x0000000740c53898,0x0000000743b00000)
 Metaspace       used 35897K, capacity 40192K, committed 40448K, reserved 1083392K
  class space    used 4827K, capacity 5828K, committed 5888K, reserved 1048576K
}
Event: 1419.419 GC heap before
{Heap before GC invocations=40 (full 17):
 PSYoungGen      total 134656K, used 2900K [0x0000000795580000, 0x000000079e700000, 0x00000007c0000000)
  eden space 131584K, 0% used [0x0000000795580000,0x0000000795580000,0x000000079d600000)
  from space 3072K, 94% used [0x000000079d600000,0x000000079d8d5120,0x000000079d900000)
  to   space 8704K, 0% used [0x000000079de80000,0x000000079de80000,0x000000079e700000)
 ParOldGen       total 60416K, used 12622K [0x0000000740000000, 0x0000000743b00000, 0x0000000795580000)
  object space 60416K, 20% used [0x0000000740000000,0x0000000740c53898,0x0000000743b00000)
 Metaspace       used 35897K, capacity 40192K, committed 40448K, reserved 1083392K
  class space    used 4827K, capacity 5828K, committed 5888K, reserved 1048576K
Event: 1419.570 GC heap after
Heap after GC invocations=40 (full 17):
 PSYoungGen      total 134656K, used 0K [0x0000000795580000, 0x000000079e700000, 0x00000007c0000000)
  eden space 131584K, 0% used [0x0000000795580000,0x0000000795580000,0x000000079d600000)
  from space 3072K, 0% used [0x000000079d600000,0x000000079d600000,0x000000079d900000)
  to   space 8704K, 0% used [0x000000079de80000,0x000000079de80000,0x000000079e700000)
 ParOldGen       total 60416K, used 13035K [0x0000000740000000, 0x0000000743b00000, 0x0000000795580000)
  object space 60416K, 21% used [0x0000000740000000,0x0000000740cbac60,0x0000000743b00000)
 Metaspace       used 35894K, capacity 40186K, committed 40448K, reserved 1083392K
  class space    used 4826K, capacity 5826K, committed 5888K, reserved 1048576K
}
Event: 1486.185 GC heap before
{Heap before GC invocations=41 (full 17):
 PSYoungGen      total 134656K, used 84978K [0x0000000795580000, 0x000000079e700000, 0x00000007c0000000)
  eden space 131584K, 64% used [0x0000000795580000,0x000000079a87ca90,0x000000079d600000)
  from space 3072K, 0% used [0x000000079d600000,0x000000079d600000,0x000000079d900000)
  to   space 8704K, 0% used [0x000000079de80000,0x000000079de80000,0x000000079e700000)
 ParOldGen       total 60416K, used 13035K [0x0000000740000000, 0x0000000743b00000, 0x0000000795580000)
  object space 60416K, 21% used [0x0000000740000000,0x0000000740cbac60,0x0000000743b00000)
 Metaspace       used 36070K, capacity 40480K, committed 40704K, reserved 1083392K
  class space    used 4855K, capacity 5888K, committed 5888K, reserved 1048576K
Event: 1486.192 GC heap after
Heap after GC invocations=41 (full 17):
 PSYoungGen      total 139264K, used 2708K [0x0000000795580000, 0x000000079e600000, 0x00000007c0000000)
  eden space 131584K, 0% used [0x0000000795580000,0x0000000795580000,0x000000079d600000)
  from space 7680K, 35% used [0x000000079de80000,0x000000079e125120,0x000000079e600000)
  to   space 8192K, 0% used [0x000000079d600000,0x000000079d600000,0x000000079de00000)
 ParOldGen       total 60416K, used 13043K [0x0000000740000000, 0x0000000743b00000, 0x0000000795580000)
  object space 60416K, 21% used [0x0000000740000000,0x0000000740cbcc60,0x0000000743b00000)
 Metaspace       used 36070K, capacity 40480K, committed 40704K, reserved 1083392K
  class space    used 4855K, capacity 5888K, committed 5888K, reserved 1048576K
}
Event: 1486.192 GC heap before
{Heap before GC invocations=42 (full 18):
 PSYoungGen      total 139264K, used 2708K [0x0000000795580000, 0x000000079e600000, 0x00000007c0000000)
  eden space 131584K, 0% used [0x0000000795580000,0x0000000795580000,0x000000079d600000)
  from space 7680K, 35% used [0x000000079de80000,0x000000079e125120,0x000000079e600000)
  to   space 8192K, 0% used [0x000000079d600000,0x000000079d600000,0x000000079de00000)
 ParOldGen       total 60416K, used 13043K [0x0000000740000000, 0x0000000743b00000, 0x0000000795580000)
  object space 60416K, 21% used [0x0000000740000000,0x0000000740cbcc60,0x0000000743b00000)
 Metaspace       used 36070K, capacity 40480K, committed 40704K, reserved 1083392K
  class space    used 4855K, capacity 5888K, committed 5888K, reserved 1048576K
Event: 1486.264 GC heap after
Heap after GC invocations=42 (full 18):
 PSYoungGen      total 139264K, used 0K [0x0000000795580000, 0x000000079e600000, 0x00000007c0000000)
  eden space 131584K, 0% used [0x0000000795580000,0x0000000795580000,0x000000079d600000)
  from space 7680K, 0% used [0x000000079de80000,0x000000079de80000,0x000000079e600000)
  to   space 8192K, 0% used [0x000000079d600000,0x000000079d600000,0x000000079de00000)
 ParOldGen       total 60416K, used 13168K [0x0000000740000000, 0x0000000743b00000, 0x0000000795580000)
  object space 60416K, 21% used [0x0000000740000000,0x0000000740cdc248,0x0000000743b00000)
 Metaspace       used 36068K, capacity 40474K, committed 40704K, reserved 1083392K
  class space    used 4854K, capacity 5886K, committed 5888K, reserved 1048576K
}
Event: 1781.753 GC heap before
{Heap before GC invocations=43 (full 18):
 PSYoungGen      total 139264K, used 131584K [0x0000000795580000, 0x000000079e600000, 0x00000007c0000000)
  eden space 131584K, 100% used [0x0000000795580000,0x000000079d600000,0x000000079d600000)
  from space 7680K, 0% used [0x000000079de80000,0x000000079de80000,0x000000079e600000)
  to   space 8192K, 0% used [0x000000079d600000,0x000000079d600000,0x000000079de00000)
 ParOldGen       total 60416K, used 13168K [0x0000000740000000, 0x0000000743b00000, 0x0000000795580000)
  object space 60416K, 21% used [0x0000000740000000,0x0000000740cdc248,0x0000000743b00000)
 Metaspace       used 36172K, capacity 40716K, committed 40832K, reserved 1083392K
  class space    used 4872K, capacity 5911K, committed 6016K, reserved 1048576K
Event: 1781.764 GC heap after
Heap after GC invocations=43 (full 18):
 PSYoungGen      total 139776K, used 3933K [0x0000000795580000, 0x00000007a0f00000, 0x00000007c0000000)
  eden space 131584K, 0% used [0x0000000795580000,0x0000000795580000,0x000000079d600000)
  from space 8192K, 48% used [0x000000079d600000,0x000000079d9d77d0,0x000000079de00000)
  to   space 8192K, 0% used [0x00000007a0700000,0x00000007a0700000,0x00000007a0f00000)
 ParOldGen       total 60416K, used 13176K [0x0000000740000000, 0x0000000743b00000, 0x0000000795580000)
  object space 60416K, 21% used [0x0000000740000000,0x0000000740cde248,0x0000000743b00000)
 Metaspace       used 36172K, capacity 40716K, committed 40832K, reserved 1083392K
  class space    used 4872K, capacity 5911K, committed 6016K, reserved 1048576K
}

Deoptimization events (0 events):
No events

Internal exceptions (10 events):
Event: 1486.611 Thread 0x00007fd7b789c000 Exception <a 'java/lang/ArrayIndexOutOfBoundsException'> (0x00000007983d0700) thrown at [/Users/java_re/workspace/8-2-build-macosx-x86_64/jdk8u60/4407/hotspot/src/share/vm/runtime/sharedRuntime.cpp, line 605]
Event: 1486.612 Thread 0x00007fd7b789c000 Exception <a 'java/lang/ArrayIndexOutOfBoundsException'> (0x00000007983d3ed8) thrown at [/Users/java_re/workspace/8-2-build-macosx-x86_64/jdk8u60/4407/hotspot/src/share/vm/runtime/sharedRuntime.cpp, line 605]
Event: 1492.079 Thread 0x00007fd7b82d2800 Exception <a 'java/lang/ArrayIndexOutOfBoundsException'> (0x0000000798b98f00) thrown at [/Users/java_re/workspace/8-2-build-macosx-x86_64/jdk8u60/4407/hotspot/src/share/vm/runtime/sharedRuntime.cpp, line 605]
Event: 1492.172 Thread 0x00007fd7b82d2800 Exception <a 'java/lang/ArrayIndexOutOfBoundsException'> (0x000000079952f018) thrown at [/Users/java_re/workspace/8-2-build-macosx-x86_64/jdk8u60/4407/hotspot/src/share/vm/runtime/sharedRuntime.cpp, line 605]
Event: 1504.088 Thread 0x00007fd7b8978000 Exception <a 'java/lang/reflect/InvocationTargetException'> (0x000000079bbe1f08) thrown at [/Users/java_re/workspace/8-2-build-macosx-x86_64/jdk8u60/4407/hotspot/src/share/vm/runtime/reflection.cpp, line 1092]
Event: 1504.093 Thread 0x00007fd7b8978000 Exception <a 'java/lang/ArrayIndexOutOfBoundsException'> (0x000000079bc5dd20) thrown at [/Users/java_re/workspace/8-2-build-macosx-x86_64/jdk8u60/4407/hotspot/src/share/vm/runtime/sharedRuntime.cpp, line 605]
Event: 1781.793 Thread 0x00007fd7b918b000 Exception <a 'java/lang/reflect/InvocationTargetException'> (0x000000079569c148) thrown at [/Users/java_re/workspace/8-2-build-macosx-x86_64/jdk8u60/4407/hotspot/src/share/vm/runtime/reflection.cpp, line 1092]
Event: 1787.384 Thread 0x00007fd7b88c8800 Exception <a 'java/lang/reflect/InvocationTargetException'> (0x000000079618a3f0) thrown at [/Users/java_re/workspace/8-2-build-macosx-x86_64/jdk8u60/4407/hotspot/src/share/vm/runtime/reflection.cpp, line 1092]
Event: 1824.768 Thread 0x00007fd7b82d2800 Exception <a 'java/lang/ArrayIndexOutOfBoundsException'> (0x000000079649eb78) thrown at [/Users/java_re/workspace/8-2-build-macosx-x86_64/jdk8u60/4407/hotspot/src/share/vm/runtime/sharedRuntime.cpp, line 605]
Event: 1933.829 Thread 0x00007fd7b8658000 Exception <a 'java/lang/reflect/InvocationTargetException'> (0x0000000798212f00) thrown at [/Users/java_re/workspace/8-2-build-macosx-x86_64/jdk8u60/4407/hotspot/src/share/vm/runtime/reflection.cpp, line 1092]

Events (10 events):
Event: 1933.829 Thread 0x00007fd7b8658000 DEOPT PACKING pc=0x000000010a4368d4 sp=0x0000700003b25440
Event: 1933.829 Thread 0x00007fd7b8658000 DEOPT UNPACKING pc=0x00000001098d7633 sp=0x0000700003b25220 mode 1
Event: 1933.829 Thread 0x00007fd7b8658000 DEOPT PACKING pc=0x0000000109c85c3c sp=0x0000700003b25d20
Event: 1933.829 Thread 0x00007fd7b8658000 DEOPT UNPACKING pc=0x00000001098d7633 sp=0x0000700003b25b60 mode 1
Event: 1933.829 Thread 0x00007fd7b8658000 DEOPT PACKING pc=0x0000000109c3ab64 sp=0x0000700003b25e70
Event: 1933.829 Thread 0x00007fd7b8658000 DEOPT UNPACKING pc=0x00000001098d7633 sp=0x0000700003b25bb8 mode 1
Event: 1933.829 Thread 0x00007fd7b8658000 DEOPT PACKING pc=0x0000000109c3a704 sp=0x0000700003b25ec0
Event: 1933.829 Thread 0x00007fd7b8658000 DEOPT UNPACKING pc=0x00000001098d7633 sp=0x0000700003b25c88 mode 1
Event: 2003.044 Executing VM operation: RedefineClasses
Event: 2003.670 Executing VM operation: RedefineClasses done


Dynamic libraries:
0x000000000690a000 	/System/Library/Frameworks/Cocoa.framework/Versions/A/Cocoa
0x000000000690a000 	/System/Library/Frameworks/Security.framework/Versions/A/Security
0x000000000690a000 	/System/Library/Frameworks/ApplicationServices.framework/Versions/A/ApplicationServices
0x000000000690a000 	/usr/lib/libz.1.dylib
0x000000000690a000 	/usr/lib/libSystem.B.dylib
0x000000000690a000 	/usr/lib/libobjc.A.dylib
0x000000000690a000 	/System/Library/Frameworks/CoreFoundation.framework/Versions/A/CoreFoundation
0x000000000690a000 	/System/Library/Frameworks/Foundation.framework/Versions/C/Foundation
0x000000000690a000 	/System/Library/Frameworks/AppKit.framework/Versions/C/AppKit
0x000000000690a000 	/System/Library/Frameworks/CoreData.framework/Versions/A/CoreData
0x000000000690a000 	/System/Library/PrivateFrameworks/UIFoundation.framework/Versions/A/UIFoundation
0x000000000690a000 	/System/Library/PrivateFrameworks/RemoteViewServices.framework/Versions/A/RemoteViewServices
0x000000000690a000 	/System/Library/PrivateFrameworks/XCTTargetBootstrap.framework/Versions/A/XCTTargetBootstrap
0x000000000690a000 	/System/Library/Frameworks/CoreDisplay.framework/Versions/A/CoreDisplay
0x000000000690a000 	/System/Library/Frameworks/Metal.framework/Versions/A/Metal
0x000000000690a000 	/System/Library/PrivateFrameworks/DesktopServicesPriv.framework/Versions/A/DesktopServicesPriv
0x000000000690a000 	/usr/lib/liblangid.dylib
0x000000000690a000 	/System/Library/PrivateFrameworks/CoreSVG.framework/Versions/A/CoreSVG
0x000000000690a000 	/System/Library/PrivateFrameworks/SkyLight.framework/Versions/A/SkyLight
0x000000000690a000 	/System/Library/Frameworks/CoreGraphics.framework/Versions/A/CoreGraphics
0x000000000690a000 	/System/Library/Frameworks/Accelerate.framework/Versions/A/Accelerate
0x000000000690a000 	/usr/lib/libxml2.2.dylib
0x000000000690a000 	/System/Library/PrivateFrameworks/IconServices.framework/Versions/A/IconServices
0x000000000690a000 	/System/Library/Frameworks/IOSurface.framework/Versions/A/IOSurface
0x000000000690a000 	/usr/lib/libDiagnosticMessagesClient.dylib
0x000000000690a000 	/System/Library/PrivateFrameworks/DFRFoundation.framework/Versions/A/DFRFoundation
0x000000000690a000 	/usr/lib/libicucore.A.dylib
0x000000000690a000 	/System/Library/Frameworks/AudioToolbox.framework/Versions/A/AudioToolbox
0x000000000690a000 	/System/Library/Frameworks/AudioUnit.framework/Versions/A/AudioUnit
0x000000000690a000 	/usr/lib/libauto.dylib
0x000000000690a000 	/System/Library/PrivateFrameworks/DataDetectorsCore.framework/Versions/A/DataDetectorsCore
0x000000000690a000 	/System/Library/Frameworks/Carbon.framework/Versions/A/Frameworks/HIToolbox.framework/Versions/A/HIToolbox
0x000000000690a000 	/System/Library/Frameworks/QuartzCore.framework/Versions/A/QuartzCore
0x000000000690a000 	/System/Library/Frameworks/Carbon.framework/Versions/A/Frameworks/SpeechRecognition.framework/Versions/A/SpeechRecognition
0x000000000690a000 	/System/Library/PrivateFrameworks/CoreUI.framework/Versions/A/CoreUI
0x000000000690a000 	/System/Library/Frameworks/CoreAudio.framework/Versions/A/CoreAudio
0x000000000690a000 	/System/Library/Frameworks/DiskArbitration.framework/Versions/A/DiskArbitration
0x000000000690a000 	/System/Library/PrivateFrameworks/MultitouchSupport.framework/Versions/A/MultitouchSupport
0x000000000690a000 	/usr/lib/libenergytrace.dylib
0x000000000690a000 	/System/Library/Frameworks/IOKit.framework/Versions/A/IOKit
0x000000000690a000 	/System/Library/Frameworks/CoreServices.framework/Versions/A/CoreServices
0x000000000690a000 	/System/Library/PrivateFrameworks/PerformanceAnalysis.framework/Versions/A/PerformanceAnalysis
0x000000000690a000 	/System/Library/Frameworks/OpenGL.framework/Versions/A/OpenGL
0x000000000690a000 	/System/Library/Frameworks/ColorSync.framework/Versions/A/ColorSync
0x000000000690a000 	/System/Library/Frameworks/CoreImage.framework/Versions/A/CoreImage
0x000000000690a000 	/System/Library/Frameworks/CoreText.framework/Versions/A/CoreText
0x000000000690a000 	/System/Library/Frameworks/ImageIO.framework/Versions/A/ImageIO
0x000000000690a000 	/usr/lib/libc++.1.dylib
0x000000000690a000 	/usr/lib/libcompression.dylib
0x000000000690a000 	/usr/lib/libMobileGestalt.dylib
0x000000000690a000 	/System/Library/PrivateFrameworks/TextureIO.framework/Versions/A/TextureIO
0x000000000690a000 	/usr/lib/libate.dylib
0x000000000690a000 	/System/Library/PrivateFrameworks/InternationalSupport.framework/Versions/A/InternationalSupport
0x000000000690a000 	/usr/lib/system/libcache.dylib
0x000000000690a000 	/usr/lib/system/libcommonCrypto.dylib
0x000000000690a000 	/usr/lib/system/libcompiler_rt.dylib
0x000000000690a000 	/usr/lib/system/libcopyfile.dylib
0x000000000690a000 	/usr/lib/system/libcorecrypto.dylib
0x000000000690a000 	/usr/lib/system/libdispatch.dylib
0x000000000690a000 	/usr/lib/system/libdyld.dylib
0x000000000690a000 	/usr/lib/system/libkeymgr.dylib
0x000000000690a000 	/usr/lib/system/liblaunch.dylib
0x000000000690a000 	/usr/lib/system/libmacho.dylib
0x000000000690a000 	/usr/lib/system/libquarantine.dylib
0x000000000690a000 	/usr/lib/system/libremovefile.dylib
0x000000000690a000 	/usr/lib/system/libsystem_asl.dylib
0x000000000690a000 	/usr/lib/system/libsystem_blocks.dylib
0x000000000690a000 	/usr/lib/system/libsystem_c.dylib
0x000000000690a000 	/usr/lib/system/libsystem_configuration.dylib
0x000000000690a000 	/usr/lib/system/libsystem_coreservices.dylib
0x000000000690a000 	/usr/lib/system/libsystem_darwin.dylib
0x000000000690a000 	/usr/lib/system/libsystem_dnssd.dylib
0x000000000690a000 	/usr/lib/system/libsystem_featureflags.dylib
0x000000000690a000 	/usr/lib/system/libsystem_info.dylib
0x000000000690a000 	/usr/lib/system/libsystem_m.dylib
0x000000000690a000 	/usr/lib/system/libsystem_malloc.dylib
0x000000000690a000 	/usr/lib/system/libsystem_networkextension.dylib
0x000000000690a000 	/usr/lib/system/libsystem_notify.dylib
0x000000000690a000 	/usr/lib/system/libsystem_sandbox.dylib
0x000000000690a000 	/usr/lib/system/libsystem_secinit.dylib
0x000000000690a000 	/usr/lib/system/libsystem_kernel.dylib
0x000000000690a000 	/usr/lib/system/libsystem_platform.dylib
0x000000000690a000 	/usr/lib/system/libsystem_pthread.dylib
0x000000000690a000 	/usr/lib/system/libsystem_symptoms.dylib
0x000000000690a000 	/usr/lib/system/libsystem_trace.dylib
0x000000000690a000 	/usr/lib/system/libunwind.dylib
0x000000000690a000 	/usr/lib/system/libxpc.dylib
0x000000000690a000 	/usr/lib/libc++abi.dylib
0x000000000690a000 	/usr/lib/liblzma.5.dylib
0x000000000690a000 	/usr/lib/libfakelink.dylib
0x000000000690a000 	/usr/lib/libarchive.2.dylib
0x000000000690a000 	/System/Library/Frameworks/SystemConfiguration.framework/Versions/A/SystemConfiguration
0x000000000690a000 	/usr/lib/libCRFSuite.dylib
0x000000000690a000 	/System/Library/Frameworks/CFNetwork.framework/Versions/A/CFNetwork
0x000000000690a000 	/usr/lib/libbsm.0.dylib
0x000000000690a000 	/usr/lib/system/libkxld.dylib
0x000000000690a000 	/System/Library/PrivateFrameworks/AppleFSCompression.framework/Versions/A/AppleFSCompression
0x000000000690a000 	/usr/lib/libcoretls.dylib
0x000000000690a000 	/usr/lib/libcoretls_cfhelpers.dylib
0x000000000690a000 	/usr/lib/libpam.2.dylib
0x000000000690a000 	/usr/lib/libsqlite3.dylib
0x000000000690a000 	/usr/lib/libxar.1.dylib
0x000000000690a000 	/usr/lib/libbz2.1.0.dylib
0x000000000690a000 	/usr/lib/libiconv.2.dylib
0x000000000690a000 	/usr/lib/libcharset.1.dylib
0x000000000690a000 	/usr/lib/libnetwork.dylib
0x000000000690a000 	/usr/lib/libpcap.A.dylib
0x000000000690a000 	/usr/lib/libapple_nghttp2.dylib
0x000000000690a000 	/System/Library/Frameworks/CoreServices.framework/Versions/A/Frameworks/FSEvents.framework/Versions/A/FSEvents
0x000000000690a000 	/System/Library/Frameworks/CoreServices.framework/Versions/A/Frameworks/CarbonCore.framework/Versions/A/CarbonCore
0x000000000690a000 	/System/Library/Frameworks/CoreServices.framework/Versions/A/Frameworks/Metadata.framework/Versions/A/Metadata
0x000000000690a000 	/System/Library/Frameworks/CoreServices.framework/Versions/A/Frameworks/OSServices.framework/Versions/A/OSServices
0x000000000690a000 	/System/Library/Frameworks/CoreServices.framework/Versions/A/Frameworks/SearchKit.framework/Versions/A/SearchKit
0x000000000690a000 	/System/Library/Frameworks/CoreServices.framework/Versions/A/Frameworks/AE.framework/Versions/A/AE
0x000000000690a000 	/System/Library/Frameworks/CoreServices.framework/Versions/A/Frameworks/LaunchServices.framework/Versions/A/LaunchServices
0x000000000690a000 	/System/Library/Frameworks/CoreServices.framework/Versions/A/Frameworks/DictionaryServices.framework/Versions/A/DictionaryServices
0x000000000690a000 	/System/Library/Frameworks/CoreServices.framework/Versions/A/Frameworks/SharedFileList.framework/Versions/A/SharedFileList
0x000000000690a000 	/System/Library/Frameworks/NetFS.framework/Versions/A/NetFS
0x000000000690a000 	/System/Library/PrivateFrameworks/NetAuth.framework/Versions/A/NetAuth
0x000000000690a000 	/System/Library/PrivateFrameworks/login.framework/Versions/A/Frameworks/loginsupport.framework/Versions/A/loginsupport
0x000000000690a000 	/System/Library/PrivateFrameworks/TCC.framework/Versions/A/TCC
0x000000000690a000 	/System/Library/PrivateFrameworks/CoreNLP.framework/Versions/A/CoreNLP
0x000000000690a000 	/System/Library/PrivateFrameworks/MetadataUtilities.framework/Versions/A/MetadataUtilities
0x000000000690a000 	/usr/lib/libmecabra.dylib
0x000000000690a000 	/usr/lib/libmecab.dylib
0x000000000690a000 	/usr/lib/libgermantok.dylib
0x000000000690a000 	/usr/lib/libThaiTokenizer.dylib
0x000000000690a000 	/usr/lib/libChineseTokenizer.dylib
0x000000000690a000 	/System/Library/Frameworks/Accelerate.framework/Versions/A/Frameworks/vImage.framework/Versions/A/vImage
0x000000000690a000 	/System/Library/Frameworks/Accelerate.framework/Versions/A/Frameworks/vecLib.framework/Versions/A/vecLib
0x000000000690a000 	/System/Library/Frameworks/Accelerate.framework/Versions/A/Frameworks/vecLib.framework/Versions/A/libvMisc.dylib
0x000000000690a000 	/System/Library/Frameworks/Accelerate.framework/Versions/A/Frameworks/vecLib.framework/Versions/A/libvDSP.dylib
0x000000000690a000 	/System/Library/Frameworks/Accelerate.framework/Versions/A/Frameworks/vecLib.framework/Versions/A/libBLAS.dylib
0x000000000690a000 	/System/Library/Frameworks/Accelerate.framework/Versions/A/Frameworks/vecLib.framework/Versions/A/libLAPACK.dylib
0x000000000690a000 	/System/Library/Frameworks/Accelerate.framework/Versions/A/Frameworks/vecLib.framework/Versions/A/libLinearAlgebra.dylib
0x000000000690a000 	/System/Library/Frameworks/Accelerate.framework/Versions/A/Frameworks/vecLib.framework/Versions/A/libSparseBLAS.dylib
0x000000000690a000 	/System/Library/Frameworks/Accelerate.framework/Versions/A/Frameworks/vecLib.framework/Versions/A/libQuadrature.dylib
0x000000000690a000 	/System/Library/Frameworks/Accelerate.framework/Versions/A/Frameworks/vecLib.framework/Versions/A/libBNNS.dylib
0x000000000690a000 	/System/Library/Frameworks/Accelerate.framework/Versions/A/Frameworks/vecLib.framework/Versions/A/libSparse.dylib
0x000000000690a000 	/System/Library/PrivateFrameworks/LanguageModeling.framework/Versions/A/LanguageModeling
0x000000000690a000 	/System/Library/PrivateFrameworks/CoreEmoji.framework/Versions/A/CoreEmoji
0x000000000690a000 	/System/Library/PrivateFrameworks/LinguisticData.framework/Versions/A/LinguisticData
0x000000000690a000 	/System/Library/PrivateFrameworks/Lexicon.framework/Versions/A/Lexicon
0x000000000690a000 	/usr/lib/libcmph.dylib
0x000000000690a000 	/System/Library/Frameworks/OpenDirectory.framework/Versions/A/Frameworks/CFOpenDirectory.framework/Versions/A/CFOpenDirectory
0x000000000690a000 	/System/Library/Frameworks/OpenDirectory.framework/Versions/A/OpenDirectory
0x000000000690a000 	/System/Library/PrivateFrameworks/APFS.framework/Versions/A/APFS
0x000000000690a000 	/System/Library/Frameworks/SecurityFoundation.framework/Versions/A/SecurityFoundation
0x000000000690a000 	/usr/lib/libutil.dylib
0x000000000690a000 	/System/Library/PrivateFrameworks/CoreServicesStore.framework/Versions/A/CoreServicesStore
0x000000000690a000 	/System/Library/Frameworks/ServiceManagement.framework/Versions/A/ServiceManagement
0x000000000690a000 	/System/Library/PrivateFrameworks/BackgroundTaskManagement.framework/Versions/A/BackgroundTaskManagement
0x000000000690a000 	/usr/lib/libxslt.1.dylib
0x000000000690a000 	/System/Library/PrivateFrameworks/AppleSystemInfo.framework/Versions/A/AppleSystemInfo
0x000000000690a000 	/System/Library/Frameworks/ImageIO.framework/Versions/A/Resources/libJPEG.dylib
0x000000000690a000 	/System/Library/Frameworks/ImageIO.framework/Versions/A/Resources/libTIFF.dylib
0x000000000690a000 	/System/Library/Frameworks/ImageIO.framework/Versions/A/Resources/libPng.dylib
0x000000000690a000 	/System/Library/Frameworks/ImageIO.framework/Versions/A/Resources/libGIF.dylib
0x000000000690a000 	/System/Library/Frameworks/ImageIO.framework/Versions/A/Resources/libJP2.dylib
0x000000000690a000 	/System/Library/Frameworks/ImageIO.framework/Versions/A/Resources/libRadiance.dylib
0x000000000690a000 	/usr/lib/libexpat.1.dylib
0x000000000690a000 	/System/Library/PrivateFrameworks/AppleJPEG.framework/Versions/A/AppleJPEG
0x000000000690a000 	/System/Library/PrivateFrameworks/FontServices.framework/libFontParser.dylib
0x000000000690a000 	/System/Library/PrivateFrameworks/WatchdogClient.framework/Versions/A/WatchdogClient
0x000000000690a000 	/System/Library/PrivateFrameworks/IOAccelerator.framework/Versions/A/IOAccelerator
0x000000000690a000 	/System/Library/Frameworks/MetalPerformanceShaders.framework/Versions/A/MetalPerformanceShaders
0x000000000690a000 	/System/Library/PrivateFrameworks/GPUWrangler.framework/Versions/A/GPUWrangler
0x000000000690a000 	/System/Library/PrivateFrameworks/IOPresentment.framework/Versions/A/IOPresentment
0x000000000690a000 	/System/Library/PrivateFrameworks/DSExternalDisplay.framework/Versions/A/DSExternalDisplay
0x000000000690a000 	/System/Library/Frameworks/OpenGL.framework/Versions/A/Libraries/libCoreFSCache.dylib
0x000000000690a000 	/System/Library/Frameworks/MetalPerformanceShaders.framework/Frameworks/MPSCore.framework/Versions/A/MPSCore
0x000000000690a000 	/System/Library/Frameworks/MetalPerformanceShaders.framework/Frameworks/MPSImage.framework/Versions/A/MPSImage
0x000000000690a000 	/System/Library/Frameworks/MetalPerformanceShaders.framework/Frameworks/MPSNeuralNetwork.framework/Versions/A/MPSNeuralNetwork
0x000000000690a000 	/System/Library/Frameworks/MetalPerformanceShaders.framework/Frameworks/MPSMatrix.framework/Versions/A/MPSMatrix
0x000000000690a000 	/System/Library/Frameworks/MetalPerformanceShaders.framework/Frameworks/MPSRayIntersector.framework/Versions/A/MPSRayIntersector
0x000000000690a000 	/System/Library/Frameworks/MetalPerformanceShaders.framework/Frameworks/MPSNDArray.framework/Versions/A/MPSNDArray
0x000000000690a000 	/System/Library/PrivateFrameworks/MetalTools.framework/Versions/A/MetalTools
0x000000000690a000 	/System/Library/PrivateFrameworks/AggregateDictionary.framework/Versions/A/AggregateDictionary
0x000000000690a000 	/System/Library/PrivateFrameworks/CoreAnalytics.framework/Versions/A/CoreAnalytics
0x000000000690a000 	/System/Library/PrivateFrameworks/AppleSauce.framework/Versions/A/AppleSauce
0x000000000690a000 	/usr/lib/libIOReport.dylib
0x000000000690a000 	/System/Library/Frameworks/CoreVideo.framework/Versions/A/CoreVideo
0x000000000690a000 	/System/Library/PrivateFrameworks/GraphVisualizer.framework/Versions/A/GraphVisualizer
0x000000000690a000 	/System/Library/PrivateFrameworks/FaceCore.framework/Versions/A/FaceCore
0x000000000690a000 	/System/Library/Frameworks/OpenCL.framework/Versions/A/OpenCL
0x000000000690a000 	/usr/lib/libFosl_dynamic.dylib
0x000000000690a000 	/System/Library/PrivateFrameworks/OTSVG.framework/Versions/A/OTSVG
0x000000000690a000 	/System/Library/Frameworks/ApplicationServices.framework/Versions/A/Frameworks/ATS.framework/Versions/A/Resources/libFontRegistry.dylib
0x000000000690a000 	/System/Library/PrivateFrameworks/FontServices.framework/libhvf.dylib
0x000000000690a000 	/System/Library/Frameworks/OpenGL.framework/Versions/A/Libraries/libGFXShared.dylib
0x000000000690a000 	/System/Library/Frameworks/OpenGL.framework/Versions/A/Libraries/libGLU.dylib
0x000000000690a000 	/System/Library/Frameworks/OpenGL.framework/Versions/A/Libraries/libGL.dylib
0x000000000690a000 	/System/Library/Frameworks/OpenGL.framework/Versions/A/Libraries/libGLImage.dylib
0x000000000690a000 	/System/Library/Frameworks/OpenGL.framework/Versions/A/Libraries/libCVMSPluginSupport.dylib
0x000000000690a000 	/System/Library/Frameworks/OpenGL.framework/Versions/A/Libraries/libCoreVMClient.dylib
0x000000000690a000 	/usr/lib/libncurses.5.4.dylib
0x000000000690a000 	/System/Library/Frameworks/ApplicationServices.framework/Versions/A/Frameworks/ATS.framework/Versions/A/ATS
0x000000000690a000 	/System/Library/Frameworks/ApplicationServices.framework/Versions/A/Frameworks/ColorSyncLegacy.framework/Versions/A/ColorSyncLegacy
0x000000000690a000 	/System/Library/Frameworks/ApplicationServices.framework/Versions/A/Frameworks/HIServices.framework/Versions/A/HIServices
0x000000000690a000 	/System/Library/Frameworks/ApplicationServices.framework/Versions/A/Frameworks/LangAnalysis.framework/Versions/A/LangAnalysis
0x000000000690a000 	/System/Library/Frameworks/ApplicationServices.framework/Versions/A/Frameworks/PrintCore.framework/Versions/A/PrintCore
0x000000000690a000 	/System/Library/Frameworks/ApplicationServices.framework/Versions/A/Frameworks/QD.framework/Versions/A/QD
0x000000000690a000 	/System/Library/Frameworks/ApplicationServices.framework/Versions/A/Frameworks/SpeechSynthesis.framework/Versions/A/SpeechSynthesis
0x000000000690a000 	/System/Library/Frameworks/ApplicationServices.framework/Versions/A/Frameworks/ATSUI.framework/Versions/A/ATSUI
0x000000000690a000 	/usr/lib/libcups.2.dylib
0x000000000690a000 	/System/Library/Frameworks/Kerberos.framework/Versions/A/Kerberos
0x000000000690a000 	/System/Library/Frameworks/GSS.framework/Versions/A/GSS
0x000000000690a000 	/usr/lib/libresolv.9.dylib
0x000000000690a000 	/System/Library/PrivateFrameworks/Heimdal.framework/Versions/A/Heimdal
0x000000000690a000 	/System/Library/Frameworks/Kerberos.framework/Versions/A/Libraries/libHeimdalProxy.dylib
0x000000000690a000 	/usr/lib/libheimdal-asn1.dylib
0x000000000690a000 	/System/Library/PrivateFrameworks/CommonAuth.framework/Versions/A/CommonAuth
0x000000000690a000 	/System/Library/PrivateFrameworks/AssertionServices.framework/Versions/A/AssertionServices
0x000000000690a000 	/System/Library/PrivateFrameworks/AudioToolboxCore.framework/Versions/A/AudioToolboxCore
0x000000000690a000 	/System/Library/PrivateFrameworks/caulk.framework/Versions/A/caulk
0x000000000690a000 	/System/Library/PrivateFrameworks/BaseBoard.framework/Versions/A/BaseBoard
0x000000000690a000 	/System/Library/PrivateFrameworks/RunningBoardServices.framework/Versions/A/RunningBoardServices
0x000000000690a000 	/System/Library/PrivateFrameworks/PersistentConnection.framework/Versions/A/PersistentConnection
0x000000000690a000 	/System/Library/PrivateFrameworks/ProtocolBuffer.framework/Versions/A/ProtocolBuffer
0x000000000690a000 	/System/Library/PrivateFrameworks/CommonUtilities.framework/Versions/A/CommonUtilities
0x000000000690a000 	/System/Library/PrivateFrameworks/Bom.framework/Versions/A/Bom
0x000000000690a000 	/usr/lib/libAudioToolboxUtility.dylib
0x000000000690a000 	/System/Library/PrivateFrameworks/Backup.framework/Versions/A/Backup
0x000000000690a000 	/System/Library/PrivateFrameworks/CrashReporterSupport.framework/Versions/A/CrashReporterSupport
0x000000000690a000 	/System/Library/PrivateFrameworks/Sharing.framework/Versions/A/Sharing
0x000000000690a000 	/System/Library/PrivateFrameworks/Apple80211.framework/Versions/A/Apple80211
0x000000000690a000 	/System/Library/PrivateFrameworks/AuthKit.framework/Versions/A/AuthKit
0x000000000690a000 	/System/Library/PrivateFrameworks/CoreUtils.framework/Versions/A/CoreUtils
0x000000000690a000 	/System/Library/Frameworks/CoreWLAN.framework/Versions/A/CoreWLAN
0x000000000690a000 	/System/Library/Frameworks/IOBluetooth.framework/Versions/A/IOBluetooth
0x000000000690a000 	/System/Library/PrivateFrameworks/MobileKeyBag.framework/Versions/A/MobileKeyBag
0x000000000690a000 	/System/Library/PrivateFrameworks/CorePhoneNumbers.framework/Versions/A/CorePhoneNumbers
0x000000000690a000 	/System/Library/PrivateFrameworks/AppleIDAuthSupport.framework/Versions/A/AppleIDAuthSupport
0x000000000690a000 	/System/Library/Frameworks/Network.framework/Versions/A/Network
0x000000000690a000 	/System/Library/PrivateFrameworks/KeychainCircle.framework/Versions/A/KeychainCircle
0x000000000690a000 	/System/Library/Frameworks/CoreBluetooth.framework/Versions/A/CoreBluetooth
0x000000000690a000 	/System/Library/PrivateFrameworks/SpeechRecognitionCore.framework/Versions/A/SpeechRecognitionCore
0x0000000108907000 	/Library/Java/JavaVirtualMachines/jdk1.8.0_60.jdk/Contents/Home/jre/lib/server/libjvm.dylib
0x000000000690a000 	/usr/lib/libstdc++.6.dylib
0x000000010770f000 	/Library/Java/JavaVirtualMachines/jdk1.8.0_60.jdk/Contents/Home/jre/lib/libverify.dylib
0x000000010771d000 	/Library/Java/JavaVirtualMachines/jdk1.8.0_60.jdk/Contents/Home/jre/lib/libjava.dylib
0x0000000107753000 	/Library/Java/JavaVirtualMachines/jdk1.8.0_60.jdk/Contents/Home/jre/lib/libjdwp.dylib
0x000000010779e000 	/Library/Java/JavaVirtualMachines/jdk1.8.0_60.jdk/Contents/Home/jre/lib/libnpt.dylib
0x00000001077eb000 	/Library/Java/JavaVirtualMachines/jdk1.8.0_60.jdk/Contents/Home/jre/lib/libzip.dylib
0x000000000690a000 	/System/Library/Frameworks/JavaVM.framework/Versions/A/Frameworks/JavaRuntimeSupport.framework/Versions/A/JavaRuntimeSupport
0x000000000690a000 	/System/Library/Frameworks/JavaVM.framework/Versions/A/Frameworks/JavaNativeFoundation.framework/Versions/A/JavaNativeFoundation
0x000000000690a000 	/System/Library/Frameworks/JavaVM.framework/Versions/A/JavaVM
0x000000000690a000 	/System/Library/Frameworks/Carbon.framework/Versions/A/Carbon
0x000000000690a000 	/System/Library/PrivateFrameworks/CoreSymbolication.framework/Versions/A/CoreSymbolication
0x000000000690a000 	/System/Library/PrivateFrameworks/JavaLaunching.framework/Versions/A/JavaLaunching
0x000000000690a000 	/System/Library/Frameworks/Carbon.framework/Versions/A/Frameworks/CommonPanels.framework/Versions/A/CommonPanels
0x000000000690a000 	/System/Library/Frameworks/Carbon.framework/Versions/A/Frameworks/Help.framework/Versions/A/Help
0x000000000690a000 	/System/Library/Frameworks/Carbon.framework/Versions/A/Frameworks/ImageCapture.framework/Versions/A/ImageCapture
0x000000000690a000 	/System/Library/Frameworks/Carbon.framework/Versions/A/Frameworks/OpenScripting.framework/Versions/A/OpenScripting
0x000000000690a000 	/System/Library/Frameworks/Carbon.framework/Versions/A/Frameworks/Ink.framework/Versions/A/Ink
0x000000000690a000 	/System/Library/Frameworks/Carbon.framework/Versions/A/Frameworks/Print.framework/Versions/A/Print
0x000000000690a000 	/System/Library/Frameworks/Carbon.framework/Versions/A/Frameworks/SecurityHI.framework/Versions/A/SecurityHI
0x000000000690a000 	/System/Library/PrivateFrameworks/DebugSymbols.framework/Versions/A/DebugSymbols
0x00000001205e3000 	/Library/Java/JavaVirtualMachines/jdk1.8.0_60.jdk/Contents/Home/jre/lib/libdt_socket.dylib
0x00000001205ea000 	/Library/Java/JavaVirtualMachines/jdk1.8.0_60.jdk/Contents/Home/jre/lib/libmanagement.dylib
0x00000001205f8000 	/Library/Java/JavaVirtualMachines/jdk1.8.0_60.jdk/Contents/Home/jre/lib/libnet.dylib
0x0000000120657000 	/Library/Java/JavaVirtualMachines/jdk1.8.0_60.jdk/Contents/Home/jre/lib/libnio.dylib

VM Arguments:
jvm_args: -agentlib:jdwp=transport=dt_socket,suspend=y,address=localhost:63532 -Dcom.sun.management.jmxremote -Dcom.sun.management.jmxremote.port=63527 -Dcom.sun.management.jmxremote.authenticate=false -Dcom.sun.management.jmxremote.ssl=false -Djava.rmi.server.hostname=localhost -Dspring.jmx.enabled=true -Dspring.application.admin.enabled=true -Djava.security.egd=file:/dev/./urandom -Xverify:none -XX:TieredStopAtLevel=1 -Dfile.encoding=UTF-8 
java_command: com.chaty.credit.CreditCardSummaryApplication --spring.output.ansi.enabled=always
java_class_path (initial): /Users/chaty/Documents/springworkspace/CreditCardSummary/target/classes:/Users/chaty/.m2/repository/org/springframework/boot/spring-boot-starter-web/2.2.2.RELEASE/spring-boot-starter-web-2.2.2.RELEASE.jar:/Users/chaty/.m2/repository/org/springframework/boot/spring-boot-starter/2.2.2.RELEASE/spring-boot-starter-2.2.2.RELEASE.jar:/Users/chaty/.m2/repository/org/springframework/boot/spring-boot-starter-logging/2.2.2.RELEASE/spring-boot-starter-logging-2.2.2.RELEASE.jar:/Users/chaty/.m2/repository/ch/qos/logback/logback-classic/1.2.3/logback-classic-1.2.3.jar:/Users/chaty/.m2/repository/ch/qos/logback/logback-core/1.2.3/logback-core-1.2.3.jar:/Users/chaty/.m2/repository/org/apache/logging/log4j/log4j-to-slf4j/2.12.1/log4j-to-slf4j-2.12.1.jar:/Users/chaty/.m2/repository/org/apache/logging/log4j/log4j-api/2.12.1/log4j-api-2.12.1.jar:/Users/chaty/.m2/repository/org/slf4j/jul-to-slf4j/1.7.29/jul-to-slf4j-1.7.29.jar:/Users/chaty/.m2/repository/jakarta/annotation/jakarta.annotation-api/1.3.5/jakarta.annotation-api-1.3.5.jar:/Users/chaty/.m2/repository/org/yaml/snakeyaml/1.25/snakeyaml-1.25.jar:/Users/chaty/.m2/repository/org/springframework/boot/spring-boot-starter-json/2.2.2.RELEASE/spring-boot-starter-json-2.2.2.RELEASE.jar:/Users/chaty/.m2/repository/com/fasterxml/jackson/core/jackson-databind/2.10.1/jackson-databind-2.10.1.jar:/Users/chaty/.m2/repository/com/fasterxml/jackson/core/jackson-annotations/2.10.1/jackson-annotations-2.10.1.jar:/Users/chaty/.m2/repository/com/fasterxml/jackson/core/jackson-core/2.10.1/jackson-core-2.10.1.jar:/Users/chaty/.m2/repository/com/fasterxml/jackson/datatype/jackson-datatype-jdk8/2.10.1/jackson-datatype-jdk8-2.10.1.jar:/Users/chaty/.m2/repository/com/fasterxml/jackson/datatype/jackson-datatype-jsr310/2.10.1/jackson-datatype-jsr310-2.10.1.jar:/Users/chaty/.m2/repository/com/fasterxml/jackson/module/jackson-module-parameter-names/2.10.1/jackson-module-parameter-names-2.10.1.jar:/Users/chaty/.m2/repository/org/s
Launcher Type: SUN_STANDARD

Environment Variables:
PATH=/usr/bin:/bin:/usr/sbin:/sbin
SHELL=/bin/bash

Signal Handlers:
SIGSEGV: [libjvm.dylib+0x5a6d31], sa_mask[0]=11111111011111110111111111111111, sa_flags=SA_ONSTACK|SA_RESTART|SA_SIGINFO
SIGBUS: [libjvm.dylib+0x5a6d31], sa_mask[0]=11111111011111110111111111111111, sa_flags=SA_RESTART|SA_SIGINFO
SIGFPE: [libjvm.dylib+0x480a4c], sa_mask[0]=11111111011111110111111111111111, sa_flags=SA_RESTART|SA_SIGINFO
SIGPIPE: [libjvm.dylib+0x480a4c], sa_mask[0]=11111111011111110111111111111111, sa_flags=SA_RESTART|SA_SIGINFO
SIGXFSZ: [libjvm.dylib+0x480a4c], sa_mask[0]=11111111011111110111111111111111, sa_flags=SA_RESTART|SA_SIGINFO
SIGILL: [libjvm.dylib+0x480a4c], sa_mask[0]=11111111011111110111111111111111, sa_flags=SA_RESTART|SA_SIGINFO
SIGUSR1: SIG_DFL, sa_mask[0]=00000000000000000000000000000000, sa_flags=none
SIGUSR2: [libjvm.dylib+0x48056a], sa_mask[0]=00100000000000000000000000000000, sa_flags=SA_RESTART|SA_SIGINFO
SIGHUP: [libjvm.dylib+0x47eb41], sa_mask[0]=11111111011111110111111111111111, sa_flags=SA_RESTART|SA_SIGINFO
SIGINT: [libjvm.dylib+0x47eb41], sa_mask[0]=11111111011111110111111111111111, sa_flags=SA_RESTART|SA_SIGINFO
SIGTERM: [libjvm.dylib+0x47eb41], sa_mask[0]=11111111011111110111111111111111, sa_flags=SA_RESTART|SA_SIGINFO
SIGQUIT: [libjvm.dylib+0x47eb41], sa_mask[0]=11111111011111110111111111111111, sa_flags=SA_RESTART|SA_SIGINFO


---------------  S Y S T E M  ---------------

OS:Bsduname:Darwin 19.2.0 Darwin Kernel Version 19.2.0: Sat Nov  9 03:47:04 PST 2019; root:xnu-6153.61.1~20/RELEASE_X86_64 x86_64
rlimit: STACK 8192k, CORE 0k, NPROC 1392, NOFILE 10240, AS infinity
load average:2.28 2.21 2.36

CPU:total 4 (2 cores per cpu, 2 threads per core) family 6 model 69 stepping 1, cmov, cx8, fxsr, mmx, sse, sse2, sse3, ssse3, sse4.1, sse4.2, popcnt, avx, avx2, aes, clmul, erms, lzcnt, ht, tsc, tscinvbit, bmi1, bmi2

Memory: 4k page, physical 8388608k(25152k free)

/proc/meminfo:


vm_info: Java HotSpot(TM) 64-Bit Server VM (25.60-b23) for bsd-amd64 JRE (1.8.0_60-b27), built on Aug  4 2015 10:47:24 by "java_re" with gcc 4.2.1 (Based on Apple Inc. build 5658) (LLVM build 2336.11.00)

time: Sun Jan  5 17:34:17 2020
elapsed time: 2003 seconds (0d 0h 33m 23s)

